<?xml version="1.0" encoding="UTF-8"?>
<!-- Generated by org.testng.reporters.JUnitXMLReporter -->
<testsuite hostname="Q2458" name="AdminLogin" tests="4" failures="0" timestamp="17 Jul 2016 06:30:00 GMT" time="30.679" errors="0">
  <testcase name="Facebook" time="0.006" classname="com.testngsample.MultipleTest"/>
  <testcase name="First" time="0.004" classname="com.testngsample.FirstTestNgTest"/>
  <testcase name="Login" time="16.407" classname="com.testngsample.AdminLoginTest"/>
  <testcase name="Login" time="4.126" classname="com.testngsample.AfterTestBeforeTest"/>
</testsuite> <!-- AdminLogin -->
