<?xml version="1.0" encoding="UTF-8"?>
<testng-results skipped="0" failed="0" total="1" passed="1">
  <reporter-output>
  </reporter-output>
  <suite name="Default suite" duration-ms="17976" started-at="2016-07-23T09:50:26Z" finished-at="2016-07-23T09:50:44Z">
    <groups>
    </groups>
    <test name="Default test" duration-ms="17976" started-at="2016-07-23T09:50:26Z" finished-at="2016-07-23T09:50:44Z">
      <class name="com.page.LoginPageTest">
        <test-method status="PASS" signature="userLoginTest()[pri:0, instance:com.page.LoginPageTest@65786232]" name="userLoginTest" duration-ms="17955" started-at="2016-07-23T15:20:26Z" finished-at="2016-07-23T15:20:44Z">
          <reporter-output>
          </reporter-output>
        </test-method> <!-- userLoginTest -->
      </class> <!-- com.page.LoginPageTest -->
    </test> <!-- Default test -->
  </suite> <!-- Default suite -->
</testng-results>
